#0 building with "default" instance using docker driver

#1 [internal] load .dockerignore
#1 transferring context: 2B done
#1 DONE 0.0s

#2 [internal] load build definition from Dockerfile
#2 transferring dockerfile: 138B done
#2 DONE 0.0s

#3 [internal] load metadata for docker.io/kitware/trame:latest
#3 DONE 0.0s

#4 [internal] load build context
#4 transferring context: 19.69kB 0.0s done
#4 DONE 0.0s

#5 [1/3] FROM docker.io/kitware/trame
#5 CACHED

#6 [2/3] COPY --chown=trame-user:trame-user . /deploy
#6 DONE 0.1s

#7 [3/3] RUN /opt/trame/entrypoint.sh build
#7 0.225  * Restarting Apache httpd web server apache2
#7 0.267 AH00558: apache2: Could not reliably determine the server's fully qualified domain name, using 127.0.0.1. Set the 'ServerName' directive globally to suppress this message
#7 1.271    ...done.
#7 1.272 Running build...
#7 3.653 Collecting pip
#7 3.690   Downloading pip-23.2.1-py3-none-any.whl (2.1 MB)
#7 3.836 Installing collected packages: pip
#7 3.836   Attempting uninstall: pip
#7 3.836     Found existing installation: pip 20.0.2
#7 3.889     Uninstalling pip-20.0.2:
#7 3.892       Successfully uninstalled pip-20.0.2
#7 4.758 Successfully installed pip-23.2.1
#7 5.087 Looking in indexes: https://pypi.org/simple, https://wheels.vtk.org
#7 5.894 Collecting trame (from -r /deploy/setup/requirements.txt (line 2))
#7 5.894   Obtaining dependency information for trame from https://files.pythonhosted.org/packages/07/b0/fd99fd309daae4a1c82d30754396174964ab6a684853344d21067a3e4d02/trame-3.2.4-py3-none-any.whl.metadata
#7 5.928   Downloading trame-3.2.4-py3-none-any.whl.metadata (6.9 kB)
#7 6.217 Collecting trame-vtk (from -r /deploy/setup/requirements.txt (line 3))
#7 6.218   Obtaining dependency information for trame-vtk from https://files.pythonhosted.org/packages/3c/71/3736cd91fafcb167ae98598e091bf80f50dc644bac02332014eb4f5216e0/trame_vtk-2.5.8-py3-none-any.whl.metadata
#7 6.227   Downloading trame_vtk-2.5.8-py3-none-any.whl.metadata (12 kB)
#7 6.502 Collecting trame-vuetify (from -r /deploy/setup/requirements.txt (line 4))
#7 6.503   Obtaining dependency information for trame-vuetify from https://files.pythonhosted.org/packages/0a/ea/808b0245c197d91b206fa2e43268f0517ce20f002df72ad33bd5cd8c07f4/trame_vuetify-2.3.1-py3-none-any.whl.metadata
#7 6.512   Downloading trame_vuetify-2.3.1-py3-none-any.whl.metadata (5.0 kB)
#7 6.777 Collecting trame-markdown (from -r /deploy/setup/requirements.txt (line 5))
#7 6.788   Downloading trame_markdown-2.0.2-py3-none-any.whl (1.5 MB)
#7 6.821      ━━━━━━━━━━━━━━━━━━━━━━━━━━━━━━━━━━━━━━━━ 1.5/1.5 MB 47.7 MB/s eta 0:00:00
#7 7.108 Collecting trame-components (from -r /deploy/setup/requirements.txt (line 6))
#7 7.127   Downloading trame_components-2.1.1-py3-none-any.whl (1.2 MB)
#7 7.140      ━━━━━━━━━━━━━━━━━━━━━━━━━━━━━━━━━━━━━━━━ 1.2/1.2 MB 122.5 MB/s eta 0:00:00
#7 7.734 Collecting vtk-osmesa (from -r /deploy/setup/requirements.txt (line 7))
#7 8.384   Downloading https://gitlab.kitware.com/api/v4/projects/13/packages/pypi/files/5cad0cc310c996f59df11bd7b77515b5ab8f53c52a966b6a19213b74d324fc03/vtk_osmesa-9.2.6-cp39-cp39-manylinux_2_17_x86_64.manylinux2014_x86_64.whl (112.6 MB)
#7 47.57      ━━━━━━━━━━━━━━━━━━━━━━━━━━━━━━━━━━━━━━━ 112.6/112.6 MB 3.3 MB/s eta 0:00:00
#7 48.73 Collecting pandas (from -r /deploy/setup/requirements.txt (line 8))
#7 48.73   Obtaining dependency information for pandas from https://files.pythonhosted.org/packages/83/f0/2765daac3c58165460b127df5c0ef7b3a039f3bfe7ea7a51f3d20b01371b/pandas-2.1.0-cp39-cp39-manylinux_2_17_x86_64.manylinux2014_x86_64.whl.metadata
#7 48.74   Downloading pandas-2.1.0-cp39-cp39-manylinux_2_17_x86_64.manylinux2014_x86_64.whl.metadata (18 kB)
#7 49.59 Collecting numpy (from -r /deploy/setup/requirements.txt (line 9))
#7 49.59   Obtaining dependency information for numpy from https://files.pythonhosted.org/packages/69/1f/c95b1108a9972a52d7b1b63ed8ca70466b59b8c1811bd121f1e667cc45d8/numpy-1.25.2-cp39-cp39-manylinux_2_17_x86_64.manylinux2014_x86_64.whl.metadata
#7 49.60   Downloading numpy-1.25.2-cp39-cp39-manylinux_2_17_x86_64.manylinux2014_x86_64.whl.metadata (5.6 kB)
#7 49.91 Collecting jsonschema (from -r /deploy/setup/requirements.txt (line 10))
#7 49.91   Obtaining dependency information for jsonschema from https://files.pythonhosted.org/packages/2b/ff/af59fd34bc4d7ac3e6e0cd1f3c10317d329b6c1aee179e8b24ad9a79fbac/jsonschema-4.19.0-py3-none-any.whl.metadata
#7 49.92   Downloading jsonschema-4.19.0-py3-none-any.whl.metadata (8.2 kB)
#7 50.21 Collecting trame-server>=2.11.7 (from trame->-r /deploy/setup/requirements.txt (line 2))
#7 50.21   Obtaining dependency information for trame-server>=2.11.7 from https://files.pythonhosted.org/packages/ff/02/17dab1966f2cf1cf1c951d7b2f1441cfd6bb4a8eb2186448f6b69363526d/trame_server-2.11.7-py3-none-any.whl.metadata
#7 50.23   Downloading trame_server-2.11.7-py3-none-any.whl.metadata (4.4 kB)
#7 50.54 Collecting trame-client>=2.10.0 (from trame->-r /deploy/setup/requirements.txt (line 2))
#7 50.54   Obtaining dependency information for trame-client>=2.10.0 from https://files.pythonhosted.org/packages/b6/d1/a06c3659ea6e673ae05ccb4913963a169745c3fb65ce8d1f83dcb9f9fc3c/trame_client-2.11.3-py3-none-any.whl.metadata
#7 50.55   Downloading trame_client-2.11.3-py3-none-any.whl.metadata (3.8 kB)
#7 51.20 Collecting matplotlib>=2.0.0 (from vtk-osmesa->-r /deploy/setup/requirements.txt (line 7))
#7 51.20   Obtaining dependency information for matplotlib>=2.0.0 from https://files.pythonhosted.org/packages/47/b9/6c0daa9b953a80b4e6933bf6a11a2d0633f257e84ee5995c5fd35de564c9/matplotlib-3.7.2-cp39-cp39-manylinux_2_17_x86_64.manylinux2014_x86_64.whl.metadata
#7 51.21   Downloading matplotlib-3.7.2-cp39-cp39-manylinux_2_17_x86_64.manylinux2014_x86_64.whl.metadata (5.6 kB)
#7 51.58 Collecting python-dateutil>=2.8.2 (from pandas->-r /deploy/setup/requirements.txt (line 8))
#7 51.59   Downloading python_dateutil-2.8.2-py2.py3-none-any.whl (247 kB)
#7 51.60      ━━━━━━━━━━━━━━━━━━━━━━━━━━━━━━━━━━━━━ 247.7/247.7 kB 117.9 MB/s eta 0:00:00
#7 51.98 Collecting pytz>=2020.1 (from pandas->-r /deploy/setup/requirements.txt (line 8))
#7 51.98   Obtaining dependency information for pytz>=2020.1 from https://files.pythonhosted.org/packages/32/4d/aaf7eff5deb402fd9a24a1449a8119f00d74ae9c2efa79f8ef9994261fc2/pytz-2023.3.post1-py2.py3-none-any.whl.metadata
#7 51.99   Downloading pytz-2023.3.post1-py2.py3-none-any.whl.metadata (22 kB)
#7 52.26 Collecting tzdata>=2022.1 (from pandas->-r /deploy/setup/requirements.txt (line 8))
#7 52.27   Downloading tzdata-2023.3-py2.py3-none-any.whl (341 kB)
#7 52.28      ━━━━━━━━━━━━━━━━━━━━━━━━━━━━━━━━━━━━━ 341.8/341.8 kB 135.5 MB/s eta 0:00:00
#7 52.59 Collecting attrs>=22.2.0 (from jsonschema->-r /deploy/setup/requirements.txt (line 10))
#7 52.60   Downloading attrs-23.1.0-py3-none-any.whl (61 kB)
#7 52.60      ━━━━━━━━━━━━━━━━━━━━━━━━━━━━━━━━━━━━━━━ 61.2/61.2 kB 113.8 MB/s eta 0:00:00
#7 52.88 Collecting jsonschema-specifications>=2023.03.6 (from jsonschema->-r /deploy/setup/requirements.txt (line 10))
#7 52.88   Obtaining dependency information for jsonschema-specifications>=2023.03.6 from https://files.pythonhosted.org/packages/1c/24/83349ac2189cc2435e84da3f69ba3c97314d3c0622628e55171c6798ed80/jsonschema_specifications-2023.7.1-py3-none-any.whl.metadata
#7 52.89   Downloading jsonschema_specifications-2023.7.1-py3-none-any.whl.metadata (2.8 kB)
#7 53.24 Collecting referencing>=0.28.4 (from jsonschema->-r /deploy/setup/requirements.txt (line 10))
#7 53.24   Obtaining dependency information for referencing>=0.28.4 from https://files.pythonhosted.org/packages/be/8e/56d6f1e2d591f4d6cbcba446cac4a1b0dc4f584537e2071d9bcee8eeab6b/referencing-0.30.2-py3-none-any.whl.metadata
#7 53.25   Downloading referencing-0.30.2-py3-none-any.whl.metadata (2.6 kB)
#7 53.91 Collecting rpds-py>=0.7.1 (from jsonschema->-r /deploy/setup/requirements.txt (line 10))
#7 53.91   Obtaining dependency information for rpds-py>=0.7.1 from https://files.pythonhosted.org/packages/71/3c/23591f5992c3fc95da5a256faf03b738b90ed4b8708ec6114728f64a83d6/rpds_py-0.10.2-cp39-cp39-manylinux_2_17_x86_64.manylinux2014_x86_64.whl.metadata
#7 53.92   Downloading rpds_py-0.10.2-cp39-cp39-manylinux_2_17_x86_64.manylinux2014_x86_64.whl.metadata (3.7 kB)
#7 54.41 Collecting contourpy>=1.0.1 (from matplotlib>=2.0.0->vtk-osmesa->-r /deploy/setup/requirements.txt (line 7))
#7 54.41   Obtaining dependency information for contourpy>=1.0.1 from https://files.pythonhosted.org/packages/38/6f/5382bdff9dda60cb17cef6dfa2bad3e6edacffd5c2243e282e851c63f721/contourpy-1.1.0-cp39-cp39-manylinux_2_17_x86_64.manylinux2014_x86_64.whl.metadata
#7 54.42   Downloading contourpy-1.1.0-cp39-cp39-manylinux_2_17_x86_64.manylinux2014_x86_64.whl.metadata (5.7 kB)
#7 54.68 Collecting cycler>=0.10 (from matplotlib>=2.0.0->vtk-osmesa->-r /deploy/setup/requirements.txt (line 7))
#7 54.69   Downloading cycler-0.11.0-py3-none-any.whl (6.4 kB)
#7 55.12 Collecting fonttools>=4.22.0 (from matplotlib>=2.0.0->vtk-osmesa->-r /deploy/setup/requirements.txt (line 7))
#7 55.12   Obtaining dependency information for fonttools>=4.22.0 from https://files.pythonhosted.org/packages/49/50/2e31753c088d364756daa5bed0dab6a5928ebfd6e6d26f975c8b6d6f754a/fonttools-4.42.1-cp39-cp39-manylinux_2_17_x86_64.manylinux2014_x86_64.whl.metadata
#7 55.13   Downloading fonttools-4.42.1-cp39-cp39-manylinux_2_17_x86_64.manylinux2014_x86_64.whl.metadata (150 kB)
#7 55.13      ━━━━━━━━━━━━━━━━━━━━━━━━━━━━━━━━━━━━━ 151.0/151.0 kB 121.3 MB/s eta 0:00:00
#7 55.54 Collecting kiwisolver>=1.0.1 (from matplotlib>=2.0.0->vtk-osmesa->-r /deploy/setup/requirements.txt (line 7))
#7 55.54   Obtaining dependency information for kiwisolver>=1.0.1 from https://files.pythonhosted.org/packages/c0/a8/841594f11d0b88d8aeb26991bc4dac38baa909dc58d0c4262a4f7893bcbf/kiwisolver-1.4.5-cp39-cp39-manylinux_2_12_x86_64.manylinux2010_x86_64.whl.metadata
#7 55.55   Downloading kiwisolver-1.4.5-cp39-cp39-manylinux_2_12_x86_64.manylinux2010_x86_64.whl.metadata (6.4 kB)
#7 55.87 Collecting packaging>=20.0 (from matplotlib>=2.0.0->vtk-osmesa->-r /deploy/setup/requirements.txt (line 7))
#7 55.88   Downloading packaging-23.1-py3-none-any.whl (48 kB)
#7 55.89      ━━━━━━━━━━━━━━━━━━━━━━━━━━━━━━━━━━━━━━━ 48.9/48.9 kB 159.2 MB/s eta 0:00:00
#7 56.76 Collecting pillow>=6.2.0 (from matplotlib>=2.0.0->vtk-osmesa->-r /deploy/setup/requirements.txt (line 7))
#7 56.76   Obtaining dependency information for pillow>=6.2.0 from https://files.pythonhosted.org/packages/50/e5/0d484d1ac71b934638f91b7156203ba5bf3eb12f596b616a68a85c123808/Pillow-10.0.0-cp39-cp39-manylinux_2_28_x86_64.whl.metadata
#7 56.77   Downloading Pillow-10.0.0-cp39-cp39-manylinux_2_28_x86_64.whl.metadata (9.5 kB)
#7 57.11 Collecting pyparsing<3.1,>=2.3.1 (from matplotlib>=2.0.0->vtk-osmesa->-r /deploy/setup/requirements.txt (line 7))
#7 57.11   Downloading pyparsing-3.0.9-py3-none-any.whl (98 kB)
#7 57.12      ━━━━━━━━━━━━━━━━━━━━━━━━━━━━━━━━━━━━━━━ 98.3/98.3 kB 168.8 MB/s eta 0:00:00
#7 57.45 Collecting importlib-resources>=3.2.0 (from matplotlib>=2.0.0->vtk-osmesa->-r /deploy/setup/requirements.txt (line 7))
#7 57.45   Obtaining dependency information for importlib-resources>=3.2.0 from https://files.pythonhosted.org/packages/25/d4/592f53ce2f8dde8be5720851bd0ab71cc2e76c55978e4163ef1ab7e389bb/importlib_resources-6.0.1-py3-none-any.whl.metadata
#7 57.46   Downloading importlib_resources-6.0.1-py3-none-any.whl.metadata (4.0 kB)
#7 57.74 Collecting six>=1.5 (from python-dateutil>=2.8.2->pandas->-r /deploy/setup/requirements.txt (line 8))
#7 57.75   Downloading six-1.16.0-py2.py3-none-any.whl (11 kB)
#7 58.11 Collecting wslink>=1.9.0 (from trame-server>=2.11.7->trame->-r /deploy/setup/requirements.txt (line 2))
#7 58.11   Obtaining dependency information for wslink>=1.9.0 from https://files.pythonhosted.org/packages/3e/a3/0df5e4f6aa4b3992a4fea4cbff52916bde6a7fc1d502d0fb4e60d8cce106/wslink-1.11.4-py3-none-any.whl.metadata
#7 58.12   Downloading wslink-1.11.4-py3-none-any.whl.metadata (3.0 kB)
#7 58.52 Collecting zipp>=3.1.0 (from importlib-resources>=3.2.0->matplotlib>=2.0.0->vtk-osmesa->-r /deploy/setup/requirements.txt (line 7))
#7 58.53   Obtaining dependency information for zipp>=3.1.0 from https://files.pythonhosted.org/packages/8c/08/d3006317aefe25ea79d3b76c9650afabaf6d63d1c8443b236e7405447503/zipp-3.16.2-py3-none-any.whl.metadata
#7 58.53   Downloading zipp-3.16.2-py3-none-any.whl.metadata (3.7 kB)
#7 59.72 Collecting aiohttp<4 (from wslink>=1.9.0->trame-server>=2.11.7->trame->-r /deploy/setup/requirements.txt (line 2))
#7 59.72   Obtaining dependency information for aiohttp<4 from https://files.pythonhosted.org/packages/5b/8d/821fcb268cfc056964a75da3823896b17eabaa4968a2414121bc93b0c501/aiohttp-3.8.5-cp39-cp39-manylinux_2_17_x86_64.manylinux2014_x86_64.whl.metadata
#7 59.73   Downloading aiohttp-3.8.5-cp39-cp39-manylinux_2_17_x86_64.manylinux2014_x86_64.whl.metadata (7.7 kB)
#7 60.20 Collecting charset-normalizer<4.0,>=2.0 (from aiohttp<4->wslink>=1.9.0->trame-server>=2.11.7->trame->-r /deploy/setup/requirements.txt (line 2))
#7 60.20   Obtaining dependency information for charset-normalizer<4.0,>=2.0 from https://files.pythonhosted.org/packages/f9/0d/514be8597d7a96243e5467a37d337b9399cec117a513fcf9328405d911c0/charset_normalizer-3.2.0-cp39-cp39-manylinux_2_17_x86_64.manylinux2014_x86_64.whl.metadata
#7 60.21   Downloading charset_normalizer-3.2.0-cp39-cp39-manylinux_2_17_x86_64.manylinux2014_x86_64.whl.metadata (31 kB)
#7 61.23 Collecting multidict<7.0,>=4.5 (from aiohttp<4->wslink>=1.9.0->trame-server>=2.11.7->trame->-r /deploy/setup/requirements.txt (line 2))
#7 61.24   Downloading multidict-6.0.4-cp39-cp39-manylinux_2_17_x86_64.manylinux2014_x86_64.whl (114 kB)
#7 61.25      ━━━━━━━━━━━━━━━━━━━━━━━━━━━━━━━━━━━━━ 114.2/114.2 kB 150.5 MB/s eta 0:00:00
#7 61.53 Collecting async-timeout<5.0,>=4.0.0a3 (from aiohttp<4->wslink>=1.9.0->trame-server>=2.11.7->trame->-r /deploy/setup/requirements.txt (line 2))
#7 61.53   Obtaining dependency information for async-timeout<5.0,>=4.0.0a3 from https://files.pythonhosted.org/packages/a7/fa/e01228c2938de91d47b307831c62ab9e4001e747789d0b05baf779a6488c/async_timeout-4.0.3-py3-none-any.whl.metadata
#7 61.54   Downloading async_timeout-4.0.3-py3-none-any.whl.metadata (4.2 kB)
#7 62.20 Collecting yarl<2.0,>=1.0 (from aiohttp<4->wslink>=1.9.0->trame-server>=2.11.7->trame->-r /deploy/setup/requirements.txt (line 2))
#7 62.21   Downloading yarl-1.9.2-cp39-cp39-manylinux_2_17_x86_64.manylinux2014_x86_64.whl (269 kB)
#7 62.21      ━━━━━━━━━━━━━━━━━━━━━━━━━━━━━━━━━━━━━ 269.4/269.4 kB 146.2 MB/s eta 0:00:00
#7 62.63 Collecting frozenlist>=1.1.1 (from aiohttp<4->wslink>=1.9.0->trame-server>=2.11.7->trame->-r /deploy/setup/requirements.txt (line 2))
#7 62.63   Obtaining dependency information for frozenlist>=1.1.1 from https://files.pythonhosted.org/packages/b5/03/7dec2e257bd173b5ca1f74477863b97d322149f6f0284d7decead8c5ceeb/frozenlist-1.4.0-cp39-cp39-manylinux_2_5_x86_64.manylinux1_x86_64.manylinux_2_17_x86_64.manylinux2014_x86_64.whl.metadata
#7 62.64   Downloading frozenlist-1.4.0-cp39-cp39-manylinux_2_5_x86_64.manylinux1_x86_64.manylinux_2_17_x86_64.manylinux2014_x86_64.whl.metadata (5.2 kB)
#7 62.91 Collecting aiosignal>=1.1.2 (from aiohttp<4->wslink>=1.9.0->trame-server>=2.11.7->trame->-r /deploy/setup/requirements.txt (line 2))
#7 62.91   Downloading aiosignal-1.3.1-py3-none-any.whl (7.6 kB)
#7 63.25 Collecting idna>=2.0 (from yarl<2.0,>=1.0->aiohttp<4->wslink>=1.9.0->trame-server>=2.11.7->trame->-r /deploy/setup/requirements.txt (line 2))
#7 63.26   Downloading idna-3.4-py3-none-any.whl (61 kB)
#7 63.26      ━━━━━━━━━━━━━━━━━━━━━━━━━━━━━━━━━━━━━━━ 61.5/61.5 kB 152.4 MB/s eta 0:00:00
#7 63.28 Downloading trame-3.2.4-py3-none-any.whl (27 kB)
#7 63.31 Downloading trame_vtk-2.5.8-py3-none-any.whl (755 kB)
#7 63.32    ━━━━━━━━━━━━━━━━━━━━━━━━━━━━━━━━━━━━━━━ 756.0/756.0 kB 122.4 MB/s eta 0:00:00
#7 63.33 Downloading trame_vuetify-2.3.1-py3-none-any.whl (3.6 MB)
#7 63.37    ━━━━━━━━━━━━━━━━━━━━━━━━━━━━━━━━━━━━━━━━ 3.6/3.6 MB 102.8 MB/s eta 0:00:00
#7 63.39 Downloading pandas-2.1.0-cp39-cp39-manylinux_2_17_x86_64.manylinux2014_x86_64.whl (12.7 MB)
#7 63.54    ━━━━━━━━━━━━━━━━━━━━━━━━━━━━━━━━━━━━━━━━ 12.7/12.7 MB 85.6 MB/s eta 0:00:00
#7 63.55 Downloading numpy-1.25.2-cp39-cp39-manylinux_2_17_x86_64.manylinux2014_x86_64.whl (18.3 MB)
#7 63.72    ━━━━━━━━━━━━━━━━━━━━━━━━━━━━━━━━━━━━━━━━ 18.3/18.3 MB 111.3 MB/s eta 0:00:00
#7 63.73 Downloading jsonschema-4.19.0-py3-none-any.whl (83 kB)
#7 63.73    ━━━━━━━━━━━━━━━━━━━━━━━━━━━━━━━━━━━━━━━━ 83.4/83.4 kB 145.7 MB/s eta 0:00:00
#7 63.74 Downloading jsonschema_specifications-2023.7.1-py3-none-any.whl (17 kB)
#7 63.75 Downloading matplotlib-3.7.2-cp39-cp39-manylinux_2_17_x86_64.manylinux2014_x86_64.whl (11.6 MB)
#7 63.86    ━━━━━━━━━━━━━━━━━━━━━━━━━━━━━━━━━━━━━━━━ 11.6/11.6 MB 105.9 MB/s eta 0:00:00
#7 63.87 Downloading pytz-2023.3.post1-py2.py3-none-any.whl (502 kB)
#7 63.88    ━━━━━━━━━━━━━━━━━━━━━━━━━━━━━━━━━━━━━━━ 502.5/502.5 kB 135.1 MB/s eta 0:00:00
#7 63.89 Downloading referencing-0.30.2-py3-none-any.whl (25 kB)
#7 63.92 Downloading rpds_py-0.10.2-cp39-cp39-manylinux_2_17_x86_64.manylinux2014_x86_64.whl (1.2 MB)
#7 63.93    ━━━━━━━━━━━━━━━━━━━━━━━━━━━━━━━━━━━━━━━━ 1.2/1.2 MB 111.2 MB/s eta 0:00:00
#7 63.95 Downloading trame_client-2.11.3-py3-none-any.whl (226 kB)
#7 63.96    ━━━━━━━━━━━━━━━━━━━━━━━━━━━━━━━━━━━━━━━ 226.7/226.7 kB 133.6 MB/s eta 0:00:00
#7 63.97 Downloading trame_server-2.11.7-py3-none-any.whl (31 kB)
#7 63.99 Downloading contourpy-1.1.0-cp39-cp39-manylinux_2_17_x86_64.manylinux2014_x86_64.whl (300 kB)
#7 64.00    ━━━━━━━━━━━━━━━━━━━━━━━━━━━━━━━━━━━━━━━ 300.4/300.4 kB 148.2 MB/s eta 0:00:00
#7 64.03 Downloading fonttools-4.42.1-cp39-cp39-manylinux_2_17_x86_64.manylinux2014_x86_64.whl (4.5 MB)
#7 64.08    ━━━━━━━━━━━━━━━━━━━━━━━━━━━━━━━━━━━━━━━━ 4.5/4.5 MB 84.8 MB/s eta 0:00:00
#7 64.09 Downloading importlib_resources-6.0.1-py3-none-any.whl (34 kB)
#7 64.10 Downloading kiwisolver-1.4.5-cp39-cp39-manylinux_2_12_x86_64.manylinux2010_x86_64.whl (1.6 MB)
#7 64.12    ━━━━━━━━━━━━━━━━━━━━━━━━━━━━━━━━━━━━━━━━ 1.6/1.6 MB 108.5 MB/s eta 0:00:00
#7 64.13 Downloading Pillow-10.0.0-cp39-cp39-manylinux_2_28_x86_64.whl (3.4 MB)
#7 64.16    ━━━━━━━━━━━━━━━━━━━━━━━━━━━━━━━━━━━━━━━━ 3.4/3.4 MB 114.8 MB/s eta 0:00:00
#7 64.17 Downloading wslink-1.11.4-py3-none-any.whl (32 kB)
#7 64.18 Downloading aiohttp-3.8.5-cp39-cp39-manylinux_2_17_x86_64.manylinux2014_x86_64.whl (1.1 MB)
#7 64.19    ━━━━━━━━━━━━━━━━━━━━━━━━━━━━━━━━━━━━━━━━ 1.1/1.1 MB 120.4 MB/s eta 0:00:00
#7 64.20 Downloading zipp-3.16.2-py3-none-any.whl (7.2 kB)
#7 64.20 Downloading async_timeout-4.0.3-py3-none-any.whl (5.7 kB)
#7 64.21 Downloading charset_normalizer-3.2.0-cp39-cp39-manylinux_2_17_x86_64.manylinux2014_x86_64.whl (202 kB)
#7 64.22    ━━━━━━━━━━━━━━━━━━━━━━━━━━━━━━━━━━━━━━━ 202.1/202.1 kB 153.6 MB/s eta 0:00:00
#7 64.22 Downloading frozenlist-1.4.0-cp39-cp39-manylinux_2_5_x86_64.manylinux1_x86_64.manylinux_2_17_x86_64.manylinux2014_x86_64.whl (228 kB)
#7 64.23    ━━━━━━━━━━━━━━━━━━━━━━━━━━━━━━━━━━━━━━━ 228.0/228.0 kB 113.9 MB/s eta 0:00:00
#7 64.69 Installing collected packages: trame-client, pytz, zipp, tzdata, trame-vuetify, trame-vtk, trame-markdown, trame-components, six, rpds-py, pyparsing, pillow, packaging, numpy, multidict, kiwisolver, idna, frozenlist, fonttools, cycler, charset-normalizer, attrs, async-timeout, yarl, referencing, python-dateutil, importlib-resources, contourpy, aiosignal, pandas, matplotlib, jsonschema-specifications, aiohttp, wslink, vtk-osmesa, jsonschema, trame-server, trame
#7 73.74 Successfully installed aiohttp-3.8.5 aiosignal-1.3.1 async-timeout-4.0.3 attrs-23.1.0 charset-normalizer-3.2.0 contourpy-1.1.0 cycler-0.11.0 fonttools-4.42.1 frozenlist-1.4.0 idna-3.4 importlib-resources-6.0.1 jsonschema-4.19.0 jsonschema-specifications-2023.7.1 kiwisolver-1.4.5 matplotlib-3.7.2 multidict-6.0.4 numpy-1.25.2 packaging-23.1 pandas-2.1.0 pillow-10.0.0 pyparsing-3.0.9 python-dateutil-2.8.2 pytz-2023.3.post1 referencing-0.30.2 rpds-py-0.10.2 six-1.16.0 trame-3.2.4 trame-client-2.11.3 trame-components-2.1.1 trame-markdown-2.0.2 trame-server-2.11.7 trame-vtk-2.5.8 trame-vuetify-2.3.1 tzdata-2023.3 vtk-osmesa-9.2.6 wslink-1.11.4 yarl-1.9.2 zipp-3.16.2
#7 74.36 Build complete
#7 DONE 74.6s

#8 exporting to image
#8 exporting layers
#8 exporting layers 2.6s done
#8 writing image sha256:4f48af89320506a39bc973e2e337ea897ba16c1a5455786f7f3076ef177f4d40 done
#8 naming to docker.io/library/trame-su2gui-app done
#8 DONE 2.6s

Use 'docker scan' to run Snyk tests against images to find vulnerabilities and learn how to fix them
